Performing C SOURCE FILE Test HAVE_XINPUT_GAMEPAD_EX failed with the following output:
Change Dir: E:/Projects/CS4080/Rust/Game/target/debug/build/sdl2-sys-f9392ec97f56bf02/out/build/CMakeFiles/CMakeTmp

Run Build Command(s):C:/Program Files (x86)/Microsoft Visual Studio/2019/Community/MSBuild/Current/Bin/MSBuild.exe cmTC_4d8e5.vcxproj /p:Configuration=Debug /p:Platform=x64 /p:VisualStudioVersion=16.0 /v:m && Microsoft (R) Build Engine version 16.1.76+g14b0a930a7 for .NET Framework
Copyright (C) Microsoft Corporation. All rights reserved.

  src.c
E:\Projects\CS4080\Rust\Game\target\debug\build\sdl2-sys-f9392ec97f56bf02\out\build\CMakeFiles\CMakeTmp\src.c(4,27): error C2061:  syntax error: identifier 'x1' [E:\Projects\CS4080\Rust\Game\target\debug\build\sdl2-sys-f9392ec97f56bf02\out\build\CMakeFiles\CMakeTmp\cmTC_4d8e5.vcxproj]
E:\Projects\CS4080\Rust\Game\target\debug\build\sdl2-sys-f9392ec97f56bf02\out\build\CMakeFiles\CMakeTmp\src.c(4,27): error C2059:  syntax error: ';' [E:\Projects\CS4080\Rust\Game\target\debug\build\sdl2-sys-f9392ec97f56bf02\out\build\CMakeFiles\CMakeTmp\cmTC_4d8e5.vcxproj]


Source file was:

        #include <windows.h>
        #include <xinput.h>
        XINPUT_GAMEPAD_EX x1;
        int main(int argc, char **argv) { }
Performing C SOURCE FILE Test HAVE_XINPUT_STATE_EX failed with the following output:
Change Dir: E:/Projects/CS4080/Rust/Game/target/debug/build/sdl2-sys-f9392ec97f56bf02/out/build/CMakeFiles/CMakeTmp

Run Build Command(s):C:/Program Files (x86)/Microsoft Visual Studio/2019/Community/MSBuild/Current/Bin/MSBuild.exe cmTC_a8107.vcxproj /p:Configuration=Debug /p:Platform=x64 /p:VisualStudioVersion=16.0 /v:m && Microsoft (R) Build Engine version 16.1.76+g14b0a930a7 for .NET Framework
Copyright (C) Microsoft Corporation. All rights reserved.

  src.c
E:\Projects\CS4080\Rust\Game\target\debug\build\sdl2-sys-f9392ec97f56bf02\out\build\CMakeFiles\CMakeTmp\src.c(4,25): error C2061:  syntax error: identifier 's1' [E:\Projects\CS4080\Rust\Game\target\debug\build\sdl2-sys-f9392ec97f56bf02\out\build\CMakeFiles\CMakeTmp\cmTC_a8107.vcxproj]
E:\Projects\CS4080\Rust\Game\target\debug\build\sdl2-sys-f9392ec97f56bf02\out\build\CMakeFiles\CMakeTmp\src.c(4,25): error C2059:  syntax error: ';' [E:\Projects\CS4080\Rust\Game\target\debug\build\sdl2-sys-f9392ec97f56bf02\out\build\CMakeFiles\CMakeTmp\cmTC_a8107.vcxproj]


Source file was:

        #include <windows.h>
        #include <xinput.h>
        XINPUT_STATE_EX s1;
        int main(int argc, char **argv) { }
